Using pre-set license
Built from '2021.1/staging' branch; Version is '2021.1.3f1 (4bef613afd59) revision 4976481'; Using compiler version '192528614'; Build Type 'Release'
OS: 'Windows 10 Pro; OS build 19043.1165; Version 2009; 64bit' Language: 'ja' Physical Memory: 12878 MB
BatchMode: 1, IsHumanControllingUs: 0, StartBugReporterOnCrash: 0, Is64bit: 1, IsPro: 0

 COMMAND LINE ARGUMENTS:
C:\Program Files\Unity\Hub\Editor\2021.1.3f1\Editor\Unity.exe
-adb2
-batchMode
-noUpm
-name
AssetImportWorker0
-projectPath
C:/Users/user/Desktop/unity/Bacteria
-logFile
Logs/AssetImportWorker0.log
-srvPort
63268
Successfully changed project path to: C:/Users/user/Desktop/unity/Bacteria
C:/Users/user/Desktop/unity/Bacteria
Using Asset Import Pipeline V2.
Refreshing native plugins compatible for Editor in 53.83 ms, found 1 plugins.
Preloading 0 native plugins for Editor in 0.00 ms.
Initialize engine version: 2021.1.3f1 (4bef613afd59)
[Subsystems] Discovering subsystems at path C:/Program Files/Unity/Hub/Editor/2021.1.3f1/Editor/Data/Resources/UnitySubsystems
[Subsystems] Discovering subsystems at path C:/Users/user/Desktop/unity/Bacteria/Assets
GfxDevice: creating device client; threaded=0; jobified=0
Direct3D:
    Version:  Direct3D 11.0 [level 11.0]
    Renderer: NVIDIA Quadro K2000M (ID=0xffb)
    Vendor:   NVIDIA
    VRAM:     2007 MB
    Driver:   25.21.14.2591
Initialize mono
Mono path[0] = 'C:/Program Files/Unity/Hub/Editor/2021.1.3f1/Editor/Data/Managed'
Mono path[1] = 'C:/Program Files/Unity/Hub/Editor/2021.1.3f1/Editor/Data/MonoBleedingEdge/lib/mono/unityjit'
Mono config path = 'C:/Program Files/Unity/Hub/Editor/2021.1.3f1/Editor/Data/MonoBleedingEdge/etc'
Using monoOptions --debugger-agent=transport=dt_socket,embedding=1,server=y,suspend=n,address=127.0.0.1:56536
Begin MonoManager ReloadAssembly
Registering precompiled unity dll's ...
Register platform support module: C:/Program Files/Unity/Hub/Editor/2021.1.3f1/Editor/Data/PlaybackEngines/WindowsStandaloneSupport/UnityEditor.WindowsStandalone.Extensions.dll
Registered in 0.002885 seconds.
Native extension for WindowsStandalone target not found
Refreshing native plugins compatible for Editor in 58.19 ms, found 1 plugins.
Preloading 0 native plugins for Editor in 0.00 ms.
Mono: successfully reloaded assembly
- Completed reload, in  2.628 seconds
Platform modules already initialized, skipping
Registering precompiled user dll's ...
Registered in 0.001932 seconds.
Begin MonoManager ReloadAssembly
Native extension for WindowsStandalone target not found
Refreshing native plugins compatible for Editor in 53.90 ms, found 1 plugins.
Preloading 0 native plugins for Editor in 0.00 ms.
Mono: successfully reloaded assembly
- Completed reload, in  1.335 seconds
Platform modules already initialized, skipping
========================================================================
Worker process is ready to serve import requests
Launched and connected shader compiler UnityShaderCompiler.exe after 0.06 seconds
Refreshing native plugins compatible for Editor in 0.47 ms, found 1 plugins.
Preloading 0 native plugins for Editor in 0.00 ms.
Unloading 1835 Unused Serialized files (Serialized files now loaded: 0)
System memory in use before: 91.6 MB.
System memory in use after: 91.7 MB.

Unloading 19 unused Assets to reduce memory usage. Loaded Objects now: 2299.
Total: 3.081100 ms (FindLiveObjects: 0.251400 ms CreateObjectMapping: 0.165100 ms MarkObjects: 2.582100 ms  DeleteObjects: 0.072200 ms)

========================================================================
Received Import Request.
  path: Assets/Resources/circle_ene.png
  artifactKey: Guid(1bb2a9883622a594b90861d8e2dd9cae) Importer(815301076,1909f56bfc062723c751e8b465ee728b)
Start importing Assets/Resources/circle_ene.png using Guid(1bb2a9883622a594b90861d8e2dd9cae) Importer(815301076,1909f56bfc062723c751e8b465ee728b)  -> (artifact id: '06ea6b861ecdaadb0900f9bfcedde97f') in 0.154985 seconds 
========================================================================
Received Import Request.
  Time since last request: 31.233351 seconds.
  path: Assets/Resources/enemy.prefab
  artifactKey: Guid(f616cdc6b804e4f4aa56c6b4296075cc) Importer(815301076,1909f56bfc062723c751e8b465ee728b)
Start importing Assets/Resources/enemy.prefab using Guid(f616cdc6b804e4f4aa56c6b4296075cc) Importer(815301076,1909f56bfc062723c751e8b465ee728b)  -> (artifact id: 'aacd53cba9ec29e522fb65ddc5b98166') in 0.039661 seconds 
AssetImportWorkerClient::OnTransportError - code=2 error=End of file
